This is pdfTeX, Version 3.14159265-2.6-1.40.18 (MiKTeX 2.9.6500 64-bit) (preloaded format=pdflatex 2019.7.29)  26 NOV 2019 01:16
entering extended mode
**./Scenarios.tex
(Scenarios.tex
LaTeX2e <2017-04-15>
Babel <3.15> and hyphenation patterns for 76 language(s) loaded.
(elsarticle.cls
Document Class: elsarticle 2009/09/17, 1.20b: Elsevier Ltd
\@bls=\dimen102
(F:\prog\lat\full\tex\latex\base\article.cls
Document Class: article 2014/09/29 v1.4h Standard LaTeX document class
(F:\prog\lat\full\tex\latex\base\size10.clo
File: size10.clo 2014/09/29 v1.4h Standard LaTeX file (size option)
)
\c@part=\count79
\c@section=\count80
\c@subsection=\count81
\c@subsubsection=\count82
\c@paragraph=\count83
\c@subparagraph=\count84
\c@figure=\count85
\c@table=\count86
\abovecaptionskip=\skip41
\belowcaptionskip=\skip42
\bibindent=\dimen103
)
(F:\prog\lat\full\tex\latex\graphics\graphicx.sty
Package: graphicx 2017/06/01 v1.1a Enhanced LaTeX Graphics (DPC,SPQR)

(F:\prog\lat\full\tex\latex\graphics\keyval.sty
Package: keyval 2014/10/28 v1.15 key=value parser (DPC)
\KV@toks@=\toks14
)
(F:\prog\lat\full\tex\latex\graphics\graphics.sty
Package: graphics 2017/06/25 v1.2c Standard LaTeX Graphics (DPC,SPQR)

(F:\prog\lat\full\tex\latex\graphics\trig.sty
Package: trig 2016/01/03 v1.10 sin cos tan (DPC)
)
(F:\prog\lat\full\tex\latex\graphics-cfg\graphics.cfg
File: graphics.cfg 2016/06/04 v1.11 sample graphics configuration
)
Package graphics Info: Driver file: pdftex.def on input line 99.

(F:\prog\lat\full\tex\latex\graphics-def\pdftex.def
File: pdftex.def 2017/12/07 v1.0i Graphics/color driver for pdftex
))
\Gin@req@height=\dimen104
\Gin@req@width=\dimen105
)
(F:\prog\lat\full\tex\latex\psnfss\pifont.sty
Package: pifont 2005/04/12 PSNFSS-v9.2a Pi font support (SPQR) 
LaTeX Font Info:    Try loading font information for U+pzd on input line 63.

(F:\prog\lat\full\tex\latex\psnfss\upzd.fd
File: upzd.fd 2001/06/04 font definitions for U/pzd.
)
LaTeX Font Info:    Try loading font information for U+psy on input line 64.

(F:\prog\lat\full\tex\latex\psnfss\upsy.fd
File: upsy.fd 2001/06/04 font definitions for U/psy.
))
\c@tnote=\count87
\c@fnote=\count88
\c@cnote=\count89
\c@ead=\count90
\c@author=\count91
\@eadauthor=\toks15
\c@affn=\count92
\absbox=\box26
\keybox=\box27
\Columnwidth=\dimen106
\space@left=\dimen107
\els@boxa=\box28
\els@boxb=\box29
\leftMargin=\dimen108
\@enLab=\toks16
\@sep=\skip43
\@@sep=\skip44
 (Scenarios.spl)
(F:\prog\lat\full\tex\latex\natbib\natbib.sty
Package: natbib 2010/09/13 8.31b (PWD, AO)
\bibhang=\skip45
\bibsep=\skip46
LaTeX Info: Redefining \cite on input line 694.
\c@NAT@ctr=\count93
)
\splwrite=\write3
\openout3 = `Scenarios.spl'.

\appnamewidth=\dimen109
)
(F:\prog\lat\full\tex\latex\lineno\lineno.sty
Package: lineno 2005/11/02 line numbers on paragraphs v4.41
\linenopenalty=\count94
\output=\toks17
\linenoprevgraf=\count95
\linenumbersep=\dimen110
\linenumberwidth=\dimen111
\c@linenumber=\count96
\c@pagewiselinenumber=\count97
\c@LN@truepage=\count98
\c@internallinenumber=\count99
\c@internallinenumbers=\count100
\quotelinenumbersep=\dimen112
\bframerule=\dimen113
\bframesep=\dimen114
\bframebox=\box30
LaTeX Info: Redefining \\ on input line 3056.
)
(F:\prog\lat\full\tex\latex\tools\xspace.sty
Package: xspace 2014/10/28 v1.13 Space after command names (DPC,MH)
)
(F:\prog\lat\full\tex\latex\placeins\placeins.sty
Package: placeins 2005/04/18  v 2.2
)
(F:\prog\lat\full\tex\latex\booktabs\booktabs.sty
Package: booktabs 2005/04/14 v1.61803 publication quality tables
\heavyrulewidth=\dimen115
\lightrulewidth=\dimen116
\cmidrulewidth=\dimen117
\belowrulesep=\dimen118
\belowbottomsep=\dimen119
\aboverulesep=\dimen120
\abovetopsep=\dimen121
\cmidrulesep=\dimen122
\cmidrulekern=\dimen123
\defaultaddspace=\dimen124
\@cmidla=\count101
\@cmidlb=\count102
\@aboverulesep=\dimen125
\@belowrulesep=\dimen126
\@thisruleclass=\count103
\@lastruleclass=\count104
\@thisrulewidth=\dimen127
)
(F:\prog\lat\full\tex\latex\tools\longtable.sty
Package: longtable 2014/10/28 v4.11 Multi-page Table package (DPC)
\LTleft=\skip47
\LTright=\skip48
\LTpre=\skip49
\LTpost=\skip50
\LTchunksize=\count105
\LTcapwidth=\dimen128
\LT@head=\box31
\LT@firsthead=\box32
\LT@foot=\box33
\LT@lastfoot=\box34
\LT@cols=\count106
\LT@rows=\count107
\c@LT@tables=\count108
\c@LT@chunks=\count109
\LT@p@ftn=\toks18
)
(F:\prog\lat\full\tex\latex\microtype\microtype.sty
Package: microtype 2017/07/07 v2.7 Micro-typographical refinements (RS)
\MT@toks=\toks19
\MT@count=\count110
LaTeX Info: Redefining \textls on input line 789.
\MT@outer@kern=\dimen129
LaTeX Info: Redefining \textmicrotypecontext on input line 1334.
\MT@listname@count=\count111

(F:\prog\lat\full\tex\latex\microtype\microtype-pdftex.def
File: microtype-pdftex.def 2017/07/07 v2.7 Definitions specific to pdftex (RS)
LaTeX Info: Redefining \lsstyle on input line 912.
LaTeX Info: Redefining \lslig on input line 912.
\MT@outer@space=\skip51
)
Package microtype Info: Loading configuration file microtype.cfg.

(F:\prog\lat\full\tex\latex\microtype\microtype.cfg
File: microtype.cfg 2017/07/07 v2.7 microtype main configuration file (RS)
))
(F:\prog\lat\full\tex\latex\tools\hhline.sty
Package: hhline 2014/10/28 v2.03 Table rule package (DPC)
)
(F:\prog\lat\full\tex\latex\amsmath\amsmath.sty
Package: amsmath 2017/09/02 v2.17a AMS math features
\@mathmargin=\skip52

For additional information on amsmath, use the `?' option.
(F:\prog\lat\full\tex\latex\amsmath\amstext.sty
Package: amstext 2000/06/29 v2.01 AMS text

(F:\prog\lat\full\tex\latex\amsmath\amsgen.sty
File: amsgen.sty 1999/11/30 v2.0 generic functions
\@emptytoks=\toks20
\ex@=\dimen130
))
(F:\prog\lat\full\tex\latex\amsmath\amsbsy.sty
Package: amsbsy 1999/11/29 v1.2d Bold Symbols
\pmbraise@=\dimen131
)
(F:\prog\lat\full\tex\latex\amsmath\amsopn.sty
Package: amsopn 2016/03/08 v2.02 operator names
)
\inf@bad=\count112
LaTeX Info: Redefining \frac on input line 213.
\uproot@=\count113
\leftroot@=\count114
LaTeX Info: Redefining \overline on input line 375.
\classnum@=\count115
\DOTSCASE@=\count116
LaTeX Info: Redefining \ldots on input line 472.
LaTeX Info: Redefining \dots on input line 475.
LaTeX Info: Redefining \cdots on input line 596.
\Mathstrutbox@=\box35
\strutbox@=\box36
\big@size=\dimen132
LaTeX Font Info:    Redeclaring font encoding OML on input line 712.
LaTeX Font Info:    Redeclaring font encoding OMS on input line 713.
\macc@depth=\count117
\c@MaxMatrixCols=\count118
\dotsspace@=\muskip10
\c@parentequation=\count119
\dspbrk@lvl=\count120
\tag@help=\toks21
\row@=\count121
\column@=\count122
\maxfields@=\count123
\andhelp@=\toks22
\eqnshift@=\dimen133
\alignsep@=\dimen134
\tagshift@=\dimen135
\tagwidth@=\dimen136
\totwidth@=\dimen137
\lineht@=\dimen138
\@envbody=\toks23
\multlinegap=\skip53
\multlinetaggap=\skip54
\mathdisplay@stack=\toks24
LaTeX Info: Redefining \[ on input line 2817.
LaTeX Info: Redefining \] on input line 2818.
)
(F:\prog\lat\full\tex\latex\jknappen\mathrsfs.sty
Package: mathrsfs 1996/01/01 Math RSFS package v1.0 (jk)
\symrsfs=\mathgroup4
)
(F:\prog\lat\full\tex\latex\graphics\rotating.sty
Package: rotating 2016/08/11 v2.16d rotated objects in LaTeX

(F:\prog\lat\full\tex\latex\base\ifthen.sty
Package: ifthen 2014/09/29 v1.1c Standard LaTeX ifthen package (DPC)
)
\c@r@tfl@t=\count124
\rotFPtop=\skip55
\rotFPbot=\skip56
\rot@float@box=\box37
\rot@mess@toks=\toks25
)
(F:\prog\lat\full\tex\latex\multirow\multirow.sty
Package: multirow 2016/11/25 v2.2 Span multiple rows of a table
\multirow@colwidth=\skip57
\multirow@cntb=\count125
\multirow@dima=\skip58
\bigstrutjot=\dimen139
)
(F:\prog\lat\full\tex\latex\enumitem\enumitem.sty
Package: enumitem 2011/09/28 v3.5.2 Customized lists
\labelindent=\skip59
\enit@outerparindent=\dimen140
\enit@toks=\toks26
\enit@inbox=\box38
\enitdp@description=\count126
)
(F:\prog\lat\full\tex\latex\mathtools\mathtools.sty
Package: mathtools 2017/10/30 v1.20 mathematical typesetting tools

(F:\prog\lat\full\tex\latex\tools\calc.sty
Package: calc 2014/10/28 v4.3 Infix arithmetic (KKT,FJ)
\calc@Acount=\count127
\calc@Bcount=\count128
\calc@Adimen=\dimen141
\calc@Bdimen=\dimen142
\calc@Askip=\skip60
\calc@Bskip=\skip61
LaTeX Info: Redefining \setlength on input line 80.
LaTeX Info: Redefining \addtolength on input line 81.
\calc@Ccount=\count129
\calc@Cskip=\skip62
)
(F:\prog\lat\full\tex\latex\mathtools\mhsetup.sty
Package: mhsetup 2017/03/31 v1.3 programming setup (MH)
)
LaTeX Info: Thecontrolsequence`\('isalreadyrobust on input line 129.
LaTeX Info: Thecontrolsequence`\)'isalreadyrobust on input line 129.
LaTeX Info: Thecontrolsequence`\['isalreadyrobust on input line 129.
LaTeX Info: Thecontrolsequence`\]'isalreadyrobust on input line 129.
\g_MT_multlinerow_int=\count130
\l_MT_multwidth_dim=\dimen143
\origjot=\skip63
\l_MT_shortvdotswithinadjustabove_dim=\dimen144
\l_MT_shortvdotswithinadjustbelow_dim=\dimen145
\l_MT_above_intertext_sep=\dimen146
\l_MT_below_intertext_sep=\dimen147
\l_MT_above_shortintertext_sep=\dimen148
\l_MT_below_shortintertext_sep=\dimen149
)
(F:\prog\lat\full\tex\latex\amsfonts\amssymb.sty
Package: amssymb 2013/01/14 v3.01 AMS font symbols

(F:\prog\lat\full\tex\latex\amsfonts\amsfonts.sty
Package: amsfonts 2013/01/14 v3.01 Basic AMSFonts support
\symAMSa=\mathgroup5
\symAMSb=\mathgroup6
LaTeX Font Info:    Overwriting math alphabet `\mathfrak' in version `bold'
(Font)                  U/euf/m/n --> U/euf/b/n on input line 106.
))
(F:\prog\lat\full\tex\latex\mdwtools\footnote.sty
Package: footnote 1997/01/28 1.13 Save footnotes around boxes
\fn@notes=\box39
\fn@width=\dimen150
)
(F:\prog\lat\full\tex\latex\slashbox\slashbox.sty
slashbox style by K.Yasuoka, May 1993.
\@slashboxa=\box40
\@slashboxb=\box41
\@slashboxc=\box42
\@slashboxwd=\count131
\@slashboxht=\count132
\@slashsepl=\dimen151
\@slashsepr=\dimen152
) (F:\prog\lat\full\tex\latex\threeparttable\threeparttable.sty
Package: threeparttable 2003/06/13  v 3.0
\@tempboxb=\box43
)
(F:\prog\lat\full\tex\latex\tablefootnote\tablefootnote.sty
Package: tablefootnote 2014/01/26 v1.1c Table foot notes (HMM)

(F:\prog\lat\full\tex\generic\oberdiek\ltxcmds.sty
Package: ltxcmds 2016/05/16 v1.23 LaTeX kernel commands for general use (HO)
)
(F:\prog\lat\full\tex\latex\oberdiek\letltxmacro.sty
Package: letltxmacro 2016/05/16 v1.5 Let assignment for LaTeX macros (HO)
)
(F:\prog\lat\full\tex\latex\xifthen\xifthen.sty
Package: xifthen 2015/11/05 v1.4.0 Extended ifthen features

(F:\prog\lat\full\tex\latex\ifmtarg\ifmtarg.sty
Package: ifmtarg 2009/09/02 v1.2a check for an empty argument
))
(F:\prog\lat\full\tex\latex\etoolbox\etoolbox.sty
Package: etoolbox 2017/11/22 v2.5 e-TeX tools for LaTeX (JAW)
\etb@tempcnta=\count133
))
(F:\prog\lat\full\tex\latex\tools\tabularx.sty
Package: tabularx 2016/02/03 v2.11 `tabularx' package (DPC)

(F:\prog\lat\full\tex\latex\tools\array.sty
Package: array 2016/10/06 v2.4d Tabular extension package (FMi)
\col@sep=\dimen153
\extrarowheight=\dimen154
\NC@list=\toks27
\extratabsurround=\skip64
\backup@length=\skip65
)
\TX@col@width=\dimen155
\TX@old@table=\dimen156
\TX@old@col=\dimen157
\TX@target=\dimen158
\TX@delta=\dimen159
\TX@cols=\count134
\TX@ftn=\toks28
)
(F:\prog\lat\full\tex\latex\pgf\frontendlayer\tikz.sty
(F:\prog\lat\full\tex\latex\pgf\basiclayer\pgf.sty
(F:\prog\lat\full\tex\latex\pgf\utilities\pgfrcs.sty
(F:\prog\lat\full\tex\generic\pgf\utilities\pgfutil-common.tex
\pgfutil@everybye=\toks29
\pgfutil@tempdima=\dimen160
\pgfutil@tempdimb=\dimen161

(F:\prog\lat\full\tex\generic\pgf\utilities\pgfutil-common-lists.tex))
(F:\prog\lat\full\tex\generic\pgf\utilities\pgfutil-latex.def
\pgfutil@abb=\box44

(F:\prog\lat\full\tex\latex\ms\everyshi.sty
Package: everyshi 2001/05/15 v3.00 EveryShipout Package (MS)
))
(F:\prog\lat\full\tex\generic\pgf\utilities\pgfrcs.code.tex
Package: pgfrcs 2015/08/07 v3.0.1a (rcs-revision 1.31)
))
Package: pgf 2015/08/07 v3.0.1a (rcs-revision 1.15)

(F:\prog\lat\full\tex\latex\pgf\basiclayer\pgfcore.sty
(F:\prog\lat\full\tex\latex\pgf\systemlayer\pgfsys.sty
(F:\prog\lat\full\tex\generic\pgf\systemlayer\pgfsys.code.tex
Package: pgfsys 2014/07/09 v3.0.1a (rcs-revision 1.48)

(F:\prog\lat\full\tex\generic\pgf\utilities\pgfkeys.code.tex
\pgfkeys@pathtoks=\toks30
\pgfkeys@temptoks=\toks31

(F:\prog\lat\full\tex\generic\pgf\utilities\pgfkeysfiltered.code.tex
\pgfkeys@tmptoks=\toks32
))
\pgf@x=\dimen162
\pgf@y=\dimen163
\pgf@xa=\dimen164
\pgf@ya=\dimen165
\pgf@xb=\dimen166
\pgf@yb=\dimen167
\pgf@xc=\dimen168
\pgf@yc=\dimen169
\w@pgf@writea=\write4
\r@pgf@reada=\read1
\c@pgf@counta=\count135
\c@pgf@countb=\count136
\c@pgf@countc=\count137
\c@pgf@countd=\count138
\t@pgf@toka=\toks33
\t@pgf@tokb=\toks34
\t@pgf@tokc=\toks35

(F:\prog\lat\full\tex\generic\pgf\systemlayer\pgf.cfg
File: pgf.cfg 2008/05/14  (rcs-revision 1.7)
)
Driver file for pgf: pgfsys-pdftex.def

(F:\prog\lat\full\tex\generic\pgf\systemlayer\pgfsys-pdftex.def
File: pgfsys-pdftex.def 2014/10/11  (rcs-revision 1.35)

(F:\prog\lat\full\tex\generic\pgf\systemlayer\pgfsys-common-pdf.def
File: pgfsys-common-pdf.def 2013/10/10  (rcs-revision 1.13)
)))
(F:\prog\lat\full\tex\generic\pgf\systemlayer\pgfsyssoftpath.code.tex
File: pgfsyssoftpath.code.tex 2013/09/09  (rcs-revision 1.9)
\pgfsyssoftpath@smallbuffer@items=\count139
\pgfsyssoftpath@bigbuffer@items=\count140
)
(F:\prog\lat\full\tex\generic\pgf\systemlayer\pgfsysprotocol.code.tex
File: pgfsysprotocol.code.tex 2006/10/16  (rcs-revision 1.4)
))
(F:\prog\lat\full\tex\latex\xcolor\xcolor.sty
Package: xcolor 2016/05/11 v2.12 LaTeX color extensions (UK)

(F:\prog\lat\full\tex\latex\graphics-cfg\color.cfg
File: color.cfg 2016/01/02 v1.6 sample color configuration
)
Package xcolor Info: Driver file: pdftex.def on input line 225.
Package xcolor Info: Model `cmy' substituted by `cmy0' on input line 1348.
Package xcolor Info: Model `hsb' substituted by `rgb' on input line 1352.
Package xcolor Info: Model `RGB' extended on input line 1364.
Package xcolor Info: Model `HTML' substituted by `rgb' on input line 1366.
Package xcolor Info: Model `Hsb' substituted by `hsb' on input line 1367.
Package xcolor Info: Model `tHsb' substituted by `hsb' on input line 1368.
Package xcolor Info: Model `HSB' substituted by `hsb' on input line 1369.
Package xcolor Info: Model `Gray' substituted by `gray' on input line 1370.
Package xcolor Info: Model `wave' substituted by `hsb' on input line 1371.
)
(F:\prog\lat\full\tex\generic\pgf\basiclayer\pgfcore.code.tex
Package: pgfcore 2010/04/11 v3.0.1a (rcs-revision 1.7)

(F:\prog\lat\full\tex\generic\pgf\math\pgfmath.code.tex
(F:\prog\lat\full\tex\generic\pgf\math\pgfmathcalc.code.tex
(F:\prog\lat\full\tex\generic\pgf\math\pgfmathutil.code.tex)
(F:\prog\lat\full\tex\generic\pgf\math\pgfmathparser.code.tex
\pgfmath@dimen=\dimen170
\pgfmath@count=\count141
\pgfmath@box=\box45
\pgfmath@toks=\toks36
\pgfmath@stack@operand=\toks37
\pgfmath@stack@operation=\toks38
)
(F:\prog\lat\full\tex\generic\pgf\math\pgfmathfunctions.code.tex
(F:\prog\lat\full\tex\generic\pgf\math\pgfmathfunctions.basic.code.tex)
(F:\prog\lat\full\tex\generic\pgf\math\pgfmathfunctions.trigonometric.code.tex)
(F:\prog\lat\full\tex\generic\pgf\math\pgfmathfunctions.random.code.tex)
(F:\prog\lat\full\tex\generic\pgf\math\pgfmathfunctions.comparison.code.tex)
(F:\prog\lat\full\tex\generic\pgf\math\pgfmathfunctions.base.code.tex)
(F:\prog\lat\full\tex\generic\pgf\math\pgfmathfunctions.round.code.tex)
(F:\prog\lat\full\tex\generic\pgf\math\pgfmathfunctions.misc.code.tex)
(F:\prog\lat\full\tex\generic\pgf\math\pgfmathfunctions.integerarithmetics.code
.tex))) (F:\prog\lat\full\tex\generic\pgf\math\pgfmathfloat.code.tex
\c@pgfmathroundto@lastzeros=\count142
))
(F:\prog\lat\full\tex\generic\pgf\basiclayer\pgfcorepoints.code.tex
File: pgfcorepoints.code.tex 2013/10/07  (rcs-revision 1.27)
\pgf@picminx=\dimen171
\pgf@picmaxx=\dimen172
\pgf@picminy=\dimen173
\pgf@picmaxy=\dimen174
\pgf@pathminx=\dimen175
\pgf@pathmaxx=\dimen176
\pgf@pathminy=\dimen177
\pgf@pathmaxy=\dimen178
\pgf@xx=\dimen179
\pgf@xy=\dimen180
\pgf@yx=\dimen181
\pgf@yy=\dimen182
\pgf@zx=\dimen183
\pgf@zy=\dimen184
)
(F:\prog\lat\full\tex\generic\pgf\basiclayer\pgfcorepathconstruct.code.tex
File: pgfcorepathconstruct.code.tex 2013/10/07  (rcs-revision 1.29)
\pgf@path@lastx=\dimen185
\pgf@path@lasty=\dimen186
)
(F:\prog\lat\full\tex\generic\pgf\basiclayer\pgfcorepathusage.code.tex
File: pgfcorepathusage.code.tex 2014/11/02  (rcs-revision 1.24)
\pgf@shorten@end@additional=\dimen187
\pgf@shorten@start@additional=\dimen188
)
(F:\prog\lat\full\tex\generic\pgf\basiclayer\pgfcorescopes.code.tex
File: pgfcorescopes.code.tex 2015/05/08  (rcs-revision 1.46)
\pgfpic=\box46
\pgf@hbox=\box47
\pgf@layerbox@main=\box48
\pgf@picture@serial@count=\count143
)
(F:\prog\lat\full\tex\generic\pgf\basiclayer\pgfcoregraphicstate.code.tex
File: pgfcoregraphicstate.code.tex 2014/11/02  (rcs-revision 1.12)
\pgflinewidth=\dimen189
)
(F:\prog\lat\full\tex\generic\pgf\basiclayer\pgfcoretransformations.code.tex
File: pgfcoretransformations.code.tex 2015/08/07  (rcs-revision 1.20)
\pgf@pt@x=\dimen190
\pgf@pt@y=\dimen191
\pgf@pt@temp=\dimen192
)
(F:\prog\lat\full\tex\generic\pgf\basiclayer\pgfcorequick.code.tex
File: pgfcorequick.code.tex 2008/10/09  (rcs-revision 1.3)
)
(F:\prog\lat\full\tex\generic\pgf\basiclayer\pgfcoreobjects.code.tex
File: pgfcoreobjects.code.tex 2006/10/11  (rcs-revision 1.2)
)
(F:\prog\lat\full\tex\generic\pgf\basiclayer\pgfcorepathprocessing.code.tex
File: pgfcorepathprocessing.code.tex 2013/09/09  (rcs-revision 1.9)
)
(F:\prog\lat\full\tex\generic\pgf\basiclayer\pgfcorearrows.code.tex
File: pgfcorearrows.code.tex 2015/05/14  (rcs-revision 1.43)
\pgfarrowsep=\dimen193
)
(F:\prog\lat\full\tex\generic\pgf\basiclayer\pgfcoreshade.code.tex
File: pgfcoreshade.code.tex 2013/07/15  (rcs-revision 1.15)
\pgf@max=\dimen194
\pgf@sys@shading@range@num=\count144
)
(F:\prog\lat\full\tex\generic\pgf\basiclayer\pgfcoreimage.code.tex
File: pgfcoreimage.code.tex 2013/07/15  (rcs-revision 1.18)

(F:\prog\lat\full\tex\generic\pgf\basiclayer\pgfcoreexternal.code.tex
File: pgfcoreexternal.code.tex 2014/07/09  (rcs-revision 1.21)
\pgfexternal@startupbox=\box49
))
(F:\prog\lat\full\tex\generic\pgf\basiclayer\pgfcorelayers.code.tex
File: pgfcorelayers.code.tex 2013/07/18  (rcs-revision 1.7)
)
(F:\prog\lat\full\tex\generic\pgf\basiclayer\pgfcoretransparency.code.tex
File: pgfcoretransparency.code.tex 2013/09/30  (rcs-revision 1.5)
)
(F:\prog\lat\full\tex\generic\pgf\basiclayer\pgfcorepatterns.code.tex
File: pgfcorepatterns.code.tex 2013/11/07  (rcs-revision 1.5)
)))
(F:\prog\lat\full\tex\generic\pgf\modules\pgfmoduleshapes.code.tex
File: pgfmoduleshapes.code.tex 2014/03/21  (rcs-revision 1.35)
\pgfnodeparttextbox=\box50
)
(F:\prog\lat\full\tex\generic\pgf\modules\pgfmoduleplot.code.tex
File: pgfmoduleplot.code.tex 2015/08/03  (rcs-revision 1.13)
)
(F:\prog\lat\full\tex\latex\pgf\compatibility\pgfcomp-version-0-65.sty
Package: pgfcomp-version-0-65 2007/07/03 v3.0.1a (rcs-revision 1.7)
\pgf@nodesepstart=\dimen195
\pgf@nodesepend=\dimen196
)
(F:\prog\lat\full\tex\latex\pgf\compatibility\pgfcomp-version-1-18.sty
Package: pgfcomp-version-1-18 2007/07/23 v3.0.1a (rcs-revision 1.1)
))
(F:\prog\lat\full\tex\latex\pgf\utilities\pgffor.sty
(F:\prog\lat\full\tex\latex\pgf\utilities\pgfkeys.sty
(F:\prog\lat\full\tex\generic\pgf\utilities\pgfkeys.code.tex))
(F:\prog\lat\full\tex\latex\pgf\math\pgfmath.sty
(F:\prog\lat\full\tex\generic\pgf\math\pgfmath.code.tex))
(F:\prog\lat\full\tex\generic\pgf\utilities\pgffor.code.tex
Package: pgffor 2013/12/13 v3.0.1a (rcs-revision 1.25)

(F:\prog\lat\full\tex\generic\pgf\math\pgfmath.code.tex)
\pgffor@iter=\dimen197
\pgffor@skip=\dimen198
\pgffor@stack=\toks39
\pgffor@toks=\toks40
))
(F:\prog\lat\full\tex\generic\pgf\frontendlayer\tikz\tikz.code.tex
Package: tikz 2015/08/07 v3.0.1a (rcs-revision 1.151)

(F:\prog\lat\full\tex\generic\pgf\libraries\pgflibraryplothandlers.code.tex
File: pgflibraryplothandlers.code.tex 2013/08/31 v3.0.1a (rcs-revision 1.20)
\pgf@plot@mark@count=\count145
\pgfplotmarksize=\dimen199
)
\tikz@lastx=\dimen256
\tikz@lasty=\dimen257
\tikz@lastxsaved=\dimen258
\tikz@lastysaved=\dimen259
\tikzleveldistance=\dimen260
\tikzsiblingdistance=\dimen261
\tikz@figbox=\box51
\tikz@figbox@bg=\box52
\tikz@tempbox=\box53
\tikz@tempbox@bg=\box54
\tikztreelevel=\count146
\tikznumberofchildren=\count147
\tikznumberofcurrentchild=\count148
\tikz@fig@count=\count149

(F:\prog\lat\full\tex\generic\pgf\modules\pgfmodulematrix.code.tex
File: pgfmodulematrix.code.tex 2013/09/17  (rcs-revision 1.8)
\pgfmatrixcurrentrow=\count150
\pgfmatrixcurrentcolumn=\count151
\pgf@matrix@numberofcolumns=\count152
)
\tikz@expandcount=\count153

(F:\prog\lat\full\tex\generic\pgf\frontendlayer\tikz\libraries\tikzlibrarytopat
hs.code.tex
File: tikzlibrarytopaths.code.tex 2008/06/17 v3.0.1a (rcs-revision 1.2)
)))
(F:\prog\lat\full\tex\generic\pgf\frontendlayer\tikz\libraries\tikzlibraryposit
ioning.code.tex
File: tikzlibrarypositioning.code.tex 2008/10/06 v3.0.1a (rcs-revision 1.7)
)
(F:\prog\lat\full\tex\generic\pgf\frontendlayer\tikz\libraries\tikzlibraryarrow
s.code.tex
File: tikzlibraryarrows.code.tex 2008/01/09 v3.0.1a (rcs-revision 1.1)

(F:\prog\lat\full\tex\generic\pgf\libraries\pgflibraryarrows.code.tex
File: pgflibraryarrows.code.tex 2013/09/23 v3.0.1a (rcs-revision 1.16)
\arrowsize=\dimen262
))
(F:\prog\lat\full\tex\generic\pgf\frontendlayer\tikz\libraries\tikzlibrarydecor
ations.code.tex
(F:\prog\lat\full\tex\generic\pgf\modules\pgfmoduledecorations.code.tex
\pgfdecoratedcompleteddistance=\dimen263
\pgfdecoratedremainingdistance=\dimen264
\pgfdecoratedinputsegmentcompleteddistance=\dimen265
\pgfdecoratedinputsegmentremainingdistance=\dimen266
\pgf@decorate@distancetomove=\dimen267
\pgf@decorate@repeatstate=\count154
\pgfdecorationsegmentamplitude=\dimen268
\pgfdecorationsegmentlength=\dimen269
)
\tikz@lib@dec@box=\box55
)
(F:\prog\lat\full\tex\generic\pgf\frontendlayer\tikz\libraries\tikzlibraryshape
s.code.tex
File: tikzlibraryshapes.code.tex 2008/01/09 v3.0.1a (rcs-revision 1.1)

(F:\prog\lat\full\tex\generic\pgf\frontendlayer\tikz\libraries\tikzlibraryshape
s.geometric.code.tex
File: tikzlibraryshapes.geometric.code.tex 2008/01/09 v3.0.1a (rcs-revision 1.1
)

(F:\prog\lat\full\tex\generic\pgf\libraries\shapes\pgflibraryshapes.geometric.c
ode.tex
File: pgflibraryshapes.geometric.code.tex 2008/06/26 v3.0.1a (rcs-revision 1.1)

))
(F:\prog\lat\full\tex\generic\pgf\frontendlayer\tikz\libraries\tikzlibraryshape
s.misc.code.tex
File: tikzlibraryshapes.misc.code.tex 2008/01/09 v3.0.1a (rcs-revision 1.1)

(F:\prog\lat\full\tex\generic\pgf\libraries\shapes\pgflibraryshapes.misc.code.t
ex
File: pgflibraryshapes.misc.code.tex 2013/07/18 v3.0.1a (rcs-revision 1.5)
))
(F:\prog\lat\full\tex\generic\pgf\frontendlayer\tikz\libraries\tikzlibraryshape
s.symbols.code.tex
File: tikzlibraryshapes.symbols.code.tex 2008/01/09 v3.0.1a (rcs-revision 1.1)

(F:\prog\lat\full\tex\generic\pgf\libraries\shapes\pgflibraryshapes.symbols.cod
e.tex
File: pgflibraryshapes.symbols.code.tex 2013/09/11 v3.0.1a (rcs-revision 1.6)
))
(F:\prog\lat\full\tex\generic\pgf\frontendlayer\tikz\libraries\tikzlibraryshape
s.arrows.code.tex
File: tikzlibraryshapes.arrows.code.tex 2008/01/09 v3.0.1a (rcs-revision 1.1)

(F:\prog\lat\full\tex\generic\pgf\libraries\shapes\pgflibraryshapes.arrows.code
.tex
File: pgflibraryshapes.arrows.code.tex 2008/06/26 v3.0.1a (rcs-revision 1.1)
))
(F:\prog\lat\full\tex\generic\pgf\frontendlayer\tikz\libraries\tikzlibraryshape
s.callouts.code.tex
(F:\prog\lat\full\tex\generic\pgf\libraries\shapes\pgflibraryshapes.callouts.co
de.tex))
(F:\prog\lat\full\tex\generic\pgf\frontendlayer\tikz\libraries\tikzlibraryshape
s.multipart.code.tex
File: tikzlibraryshapes.multipart.code.tex 2008/01/09 v3.0.1a (rcs-revision 1.1
)

(F:\prog\lat\full\tex\generic\pgf\libraries\shapes\pgflibraryshapes.multipart.c
ode.tex
File: pgflibraryshapes.multipart.code.tex 2010/01/07 v3.0.1a (rcs-revision 1.2)

\pgfnodepartlowerbox=\box56
\pgfnodeparttwobox=\box57
\pgfnodepartthreebox=\box58
\pgfnodepartfourbox=\box59
\pgfnodeparttwentybox=\box60
\pgfnodepartnineteenbox=\box61
\pgfnodeparteighteenbox=\box62
\pgfnodepartseventeenbox=\box63
\pgfnodepartsixteenbox=\box64
\pgfnodepartfifteenbox=\box65
\pgfnodepartfourteenbox=\box66
\pgfnodepartthirteenbox=\box67
\pgfnodeparttwelvebox=\box68
\pgfnodepartelevenbox=\box69
\pgfnodeparttenbox=\box70
\pgfnodepartninebox=\box71
\pgfnodeparteightbox=\box72
\pgfnodepartsevenbox=\box73
\pgfnodepartsixbox=\box74
\pgfnodepartfivebox=\box75
))) (F:\prog\lat\full\tex\latex\hyperref\hyperref.sty
Package: hyperref 2017/03/14 v6.85a Hypertext links for LaTeX

(F:\prog\lat\full\tex\generic\oberdiek\hobsub-hyperref.sty
Package: hobsub-hyperref 2016/05/16 v1.14 Bundle oberdiek, subset hyperref (HO)


(F:\prog\lat\full\tex\generic\oberdiek\hobsub-generic.sty
Package: hobsub-generic 2016/05/16 v1.14 Bundle oberdiek, subset generic (HO)
Package: hobsub 2016/05/16 v1.14 Construct package bundles (HO)
Package: infwarerr 2016/05/16 v1.4 Providing info/warning/error messages (HO)
Package hobsub Info: Skipping package `ltxcmds' (already loaded).
Package: ifluatex 2016/05/16 v1.4 Provides the ifluatex switch (HO)
Package ifluatex Info: LuaTeX not detected.
Package: ifvtex 2016/05/16 v1.6 Detect VTeX and its facilities (HO)
Package ifvtex Info: VTeX not detected.
Package: intcalc 2016/05/16 v1.2 Expandable calculations with integers (HO)
Package: ifpdf 2017/03/15 v3.2 Provides the ifpdf switch
Package: etexcmds 2016/05/16 v1.6 Avoid name clashes with e-TeX commands (HO)
Package etexcmds Info: Could not find \expanded.
(etexcmds)             That can mean that you are not using pdfTeX 1.50 or
(etexcmds)             that some package has redefined \expanded.
(etexcmds)             In the latter case, load this package earlier.
Package: kvsetkeys 2016/05/16 v1.17 Key value parser (HO)
Package: kvdefinekeys 2016/05/16 v1.4 Define keys (HO)
Package: pdftexcmds 2017/03/19 v0.25 Utility functions of pdfTeX for LuaTeX (HO
)
Package pdftexcmds Info: LuaTeX not detected.
Package pdftexcmds Info: \pdf@primitive is available.
Package pdftexcmds Info: \pdf@ifprimitive is available.
Package pdftexcmds Info: \pdfdraftmode found.
Package: pdfescape 2016/05/16 v1.14 Implements pdfTeX's escape features (HO)
Package: bigintcalc 2016/05/16 v1.4 Expandable calculations on big integers (HO
)
Package: bitset 2016/05/16 v1.2 Handle bit-vector datatype (HO)
Package: uniquecounter 2016/05/16 v1.3 Provide unlimited unique counter (HO)
)
Package hobsub Info: Skipping package `hobsub' (already loaded).
Package hobsub Info: Skipping package `letltxmacro' (already loaded).
Package: hopatch 2016/05/16 v1.3 Wrapper for package hooks (HO)
Package: xcolor-patch 2016/05/16 xcolor patch
Package: atveryend 2016/05/16 v1.9 Hooks at the very end of document (HO)
Package: atbegshi 2016/06/09 v1.18 At begin shipout hook (HO)
Package: refcount 2016/05/16 v3.5 Data extraction from label references (HO)
Package: hycolor 2016/05/16 v1.8 Color options for hyperref/bookmark (HO)
)
(F:\prog\lat\full\tex\generic\ifxetex\ifxetex.sty
Package: ifxetex 2010/09/12 v0.6 Provides ifxetex conditional
)
(F:\prog\lat\full\tex\latex\oberdiek\auxhook.sty
Package: auxhook 2016/05/16 v1.4 Hooks for auxiliary files (HO)
)
(F:\prog\lat\full\tex\latex\oberdiek\kvoptions.sty
Package: kvoptions 2016/05/16 v3.12 Key value format for package options (HO)
)
\@linkdim=\dimen270
\Hy@linkcounter=\count155
\Hy@pagecounter=\count156

(F:\prog\lat\full\tex\latex\hyperref\pd1enc.def
File: pd1enc.def 2017/03/14 v6.85a Hyperref: PDFDocEncoding definition (HO)
)
\Hy@SavedSpaceFactor=\count157

(F:\prog\lat\full\tex\latex\00miktex\hyperref.cfg
File: hyperref.cfg 2002/06/06 v1.2 hyperref configuration of TeXLive
)
Package hyperref Info: Hyper figures OFF on input line 4498.
Package hyperref Info: Link nesting OFF on input line 4503.
Package hyperref Info: Hyper index ON on input line 4506.
Package hyperref Info: Plain pages OFF on input line 4513.
Package hyperref Info: Backreferencing OFF on input line 4518.
Package hyperref Info: Implicit mode ON; LaTeX internals redefined.
Package hyperref Info: Bookmarks ON on input line 4751.
\c@Hy@tempcnt=\count158

(F:\prog\lat\full\tex\latex\url\url.sty
\Urlmuskip=\muskip11
Package: url 2013/09/16  ver 3.4  Verb mode for urls, etc.
)
LaTeX Info: Redefining \url on input line 5104.
\XeTeXLinkMargin=\dimen271
\Fld@menulength=\count159
\Field@Width=\dimen272
\Fld@charsize=\dimen273
Package hyperref Info: Hyper figures OFF on input line 6358.
Package hyperref Info: Link nesting OFF on input line 6363.
Package hyperref Info: Hyper index ON on input line 6366.
Package hyperref Info: backreferencing OFF on input line 6373.
Package hyperref Info: Link coloring OFF on input line 6378.
Package hyperref Info: Link coloring with OCG OFF on input line 6383.
Package hyperref Info: PDF/A mode OFF on input line 6388.
LaTeX Info: Redefining \ref on input line 6428.
LaTeX Info: Redefining \pageref on input line 6432.
\Hy@abspage=\count160
\c@Item=\count161
\c@Hfootnote=\count162
)

Package hyperref Message: Driver (autodetected): hpdftex.

(F:\prog\lat\full\tex\latex\hyperref\hpdftex.def
File: hpdftex.def 2017/03/14 v6.85a Hyperref driver for pdfTeX
\Fld@listcount=\count163
\c@bookmark@seq@number=\count164

(F:\prog\lat\full\tex\latex\oberdiek\rerunfilecheck.sty
Package: rerunfilecheck 2016/05/16 v1.8 Rerun checks for auxiliary files (HO)
Package uniquecounter Info: New unique counter `rerunfilecheck' on input line 2
82.
)
\Hy@SectionHShift=\skip66
)
(F:\prog\lat\full\tex\latex\cleveref\cleveref.sty
Package: cleveref 2013/12/28 v0.19 Intelligent cross-referencing
Package cleveref Info: `hyperref' support loaded on input line 2230.
LaTeX Info: Redefining \cref on input line 2230.
LaTeX Info: Redefining \Cref on input line 2230.
LaTeX Info: Redefining \crefrange on input line 2230.
LaTeX Info: Redefining \Crefrange on input line 2230.
LaTeX Info: Redefining \cpageref on input line 2230.
LaTeX Info: Redefining \Cpageref on input line 2230.
LaTeX Info: Redefining \cpagerefrange on input line 2230.
LaTeX Info: Redefining \Cpagerefrange on input line 2230.
LaTeX Info: Redefining \labelcref on input line 2230.
LaTeX Info: Redefining \labelcpageref on input line 2230.
)
(F:\prog\lat\full\tex\latex\datatool\datatool.sty
Package: datatool 2017/11/12 v2.29 (NLCT)

(F:\prog\lat\full\tex\latex\xkeyval\xkeyval.sty
Package: xkeyval 2014/12/03 v2.7a package option processing (HA)

(F:\prog\lat\full\tex\generic\xkeyval\xkeyval.tex
(F:\prog\lat\full\tex\generic\xkeyval\xkvutils.tex
\XKV@toks=\toks41
\XKV@tempa@toks=\toks42
)
\XKV@depth=\count165
File: xkeyval.tex 2014/12/03 v2.7a key=value parser (HA)
))
(F:\prog\lat\full\tex\latex\xfor\xfor.sty
Package: xfor 2009/02/05 v1.05 (NLCT)
)
(F:\prog\lat\full\tex\latex\substr\substr.sty
Package: substr 2009/10/20 v1.2 Handle substrings
\c@su@anzahl=\count166
)
(F:\prog\lat\full\tex\latex\datatool\datatool-base.sty
Package: datatool-base 2017/11/12 v2.29 (NLCT)

(F:\prog\lat\full\tex\latex\datatool\datatool-fp.sty
Package: datatool-fp 2017/11/12 v2.29 (NLCT)

(F:\prog\lat\full\tex\latex\fp\fp.sty
Package: fp 1995/04/02

`Fixed Point Package', Version 0.8, April 2, 1995 (C) Michael Mehlich
(F:\prog\lat\full\tex\latex\fp\defpattern.sty
Package: defpattern 1994/10/12
\actioncount=\count167
)
(F:\prog\lat\full\tex\latex\fp\fp-basic.sty
Package: fp-basic 1996/05/13
\FP@xs=\count168
\FP@xia=\count169
\FP@xib=\count170
\FP@xfa=\count171
\FP@xfb=\count172
\FP@rega=\count173
\FP@regb=\count174
\FP@regs=\count175
\FP@times=\count176
)
(F:\prog\lat\full\tex\latex\fp\fp-addons.sty
Package: fp-addons 1995/03/15
)
(F:\prog\lat\full\tex\latex\fp\fp-snap.sty
Package: fp-snap 1995/04/05
)
(F:\prog\lat\full\tex\latex\fp\fp-exp.sty
Package: fp-exp 1995/04/03
)
(F:\prog\lat\full\tex\latex\fp\fp-trigo.sty
Package: fp-trigo 1995/04/14
)
(F:\prog\lat\full\tex\latex\fp\fp-pas.sty
Package: fp-pas 1994/08/29
)
(F:\prog\lat\full\tex\latex\fp\fp-random.sty
Package: fp-random 1995/02/23
\FPseed=\count177
)
(F:\prog\lat\full\tex\latex\fp\fp-eqn.sty
Package: fp-eqn 1995/04/03
)
(F:\prog\lat\full\tex\latex\fp\fp-upn.sty
Package: fp-upn 1996/10/21
)
(F:\prog\lat\full\tex\latex\fp\fp-eval.sty
Package: fp-eval 1995/04/03
)))
\@dtl@toks=\toks43
\@dtl@tmpcount=\count178
\dtl@tmplength=\skip67
\dtl@sortresult=\count179
\@dtl@numgrpsepcount=\count180
\@dtl@datatype=\count181
\dtl@codeA=\count182
\dtl@codeB=\count183
\@dtl@foreach@level=\count184
)
\dtlcolumnnum=\count185
\dtlrownum=\count186
\@dtl@before=\toks44
\@dtl@after=\toks45
\@dtl@colhead=\toks46
\dtlcurrentrow=\toks47
\dtlbeforerow=\toks48
\dtlafterrow=\toks49
\dtlforeachlevel=\count187
\c@DTLrowi=\count188
\c@DTLrowii=\count189
\c@DTLrowiii=\count190
\c@DTLrow=\count191
\dtl@rowi=\count192
\dtl@rowii=\count193
\dtl@rowiii=\count194
\@dtl@curi=\toks50
\@dtl@previ=\toks51
\@dtl@nexti=\toks52
\@dtl@curii=\toks53
\@dtl@previi=\toks54
\@dtl@nextii=\toks55
\@dtl@curiii=\toks56
\@dtl@previii=\toks57
\@dtl@nextiii=\toks58
\@dtl@elements=\count195
\@dtl@list=\toks59
\@dtl@rowa=\toks60
\@dtl@rowb=\toks61
\@dtl@toksA=\toks62
\@dtl@toksB=\toks63
\@dtl@write=\write5
\@dtl@read=\read2
\dtl@entrycr=\count196
\dtl@omitlines=\count197
)
(F:\prog\lat\full\tex\latex\glossaries\base\glossaries.sty
Package: glossaries 2017/11/14 v4.35 (NLCT)

(F:\prog\lat\full\tex\latex\mfirstuc\mfirstuc.sty
Package: mfirstuc 2017/11/14 v2.06 (NLCT)
\@glsmfirst=\toks64
\@glsmrest=\toks65
)
(F:\prog\lat\full\tex\latex\textcase\textcase.sty
Package: textcase 2004/10/07 v0.07 Text only upper/lower case changing (DPC)
)
(F:\prog\lat\full\tex\latex\glossaries\base\glossaries-compatible-307.sty
Package: glossaries-compatible-307 2017/11/14 v4.35 (NLCT)
)
\gls@level=\count198
\@gls@tmpb=\toks66
\gls@tmplen=\skip68
\glskeylisttok=\toks67
\glslabeltok=\toks68
\glsshorttok=\toks69
\glslongtok=\toks70

(F:\prog\lat\full\tex\latex\glossaries\styles\glossary-hypernav.sty
Package: glossary-hypernav 2017/11/14 v4.35 (NLCT)
)
(F:\prog\lat\full\tex\latex\glossaries\styles\glossary-list.sty
Package: glossary-list 2017/11/14 v4.35 (NLCT)
\glslistdottedwidth=\skip69
)
(F:\prog\lat\full\tex\latex\glossaries\styles\glossary-long.sty
Package: glossary-long 2017/11/14 v4.35 (NLCT)
\glsdescwidth=\skip70
\glspagelistwidth=\skip71
)
(F:\prog\lat\full\tex\latex\glossaries\styles\glossary-super.sty
Package: glossary-super 2017/11/14 v4.35 (NLCT)

(F:\prog\lat\full\tex\latex\supertabular\supertabular.sty
Package: supertabular 2004/02/20 v4.1e the supertabular environment
\c@tracingst=\count199
\ST@wd=\dimen274
\ST@rightskip=\skip72
\ST@leftskip=\skip73
\ST@parfillskip=\skip74
\ST@pageleft=\dimen275
\ST@headht=\dimen276
\ST@tailht=\dimen277
\ST@pagesofar=\dimen278
\ST@pboxht=\dimen279
\ST@lineht=\dimen280
\ST@stretchht=\dimen281
\ST@prevht=\dimen282
\ST@toadd=\dimen283
\ST@dimen=\dimen284
\ST@pbox=\box76
))
(F:\prog\lat\full\tex\latex\glossaries\styles\glossary-tree.sty
Package: glossary-tree 2017/11/14 v4.35 (NLCT)
\glstreeindent=\skip75
))
\@input{acros.aux}
\openout2 = `acros.aux'.

(acros.tex)
\glswrite=\write6
\glo@main@file=\write7
\openout7 = `Scenarios.glo'.

Package glossaries Info: Writing glossary file Scenarios.glo on input line 67.
\glo@acronym@file=\write8
\openout8 = `Scenarios.acn'.

Package glossaries Info: Writing glossary file Scenarios.acn on input line 67.
 (Scenarios.aux)
\openout1 = `Scenarios.aux'.

LaTeX Font Info:    Checking defaults for OML/cmm/m/it on input line 69.
LaTeX Font Info:    ... okay on input line 69.
LaTeX Font Info:    Checking defaults for T1/cmr/m/n on input line 69.
LaTeX Font Info:    ... okay on input line 69.
LaTeX Font Info:    Checking defaults for OT1/cmr/m/n on input line 69.
LaTeX Font Info:    ... okay on input line 69.
LaTeX Font Info:    Checking defaults for OMS/cmsy/m/n on input line 69.
LaTeX Font Info:    ... okay on input line 69.
LaTeX Font Info:    Checking defaults for OMX/cmex/m/n on input line 69.
LaTeX Font Info:    ... okay on input line 69.
LaTeX Font Info:    Checking defaults for U/cmr/m/n on input line 69.
LaTeX Font Info:    ... okay on input line 69.
LaTeX Font Info:    Checking defaults for PD1/pdf/m/n on input line 69.
LaTeX Font Info:    ... okay on input line 69.
 (F:\prog\lat\full\tex\context\base\supp-pdf.mkii
[Loading MPS to PDF converter (version 2006.09.02).]
\scratchcounter=\count266
\scratchdimen=\dimen285
\scratchbox=\box77
\nofMPsegments=\count267
\nofMParguments=\count268
\everyMPshowfont=\toks71
\MPscratchCnt=\count269
\MPscratchDim=\dimen286
\MPnumerator=\count270
\makeMPintoPDFobject=\count271
\everyMPtoPDFconversion=\toks72
) (F:\prog\lat\full\tex\latex\oberdiek\epstopdf-base.sty
Package: epstopdf-base 2016/05/15 v2.6 Base part for package epstopdf

(F:\prog\lat\full\tex\latex\oberdiek\grfext.sty
Package: grfext 2016/05/16 v1.2 Manage graphics extensions (HO)
)
Package epstopdf-base Info: Redefining graphics rule for `.eps' on input line 4
38.
Package grfext Info: Graphics extension search list:
(grfext)             [.pdf,.png,.jpg,.mps,.jpeg,.jbig2,.jb2,.PDF,.PNG,.JPG,.JPE
G,.JBIG2,.JB2,.eps]
(grfext)             \AppendGraphicsExtensions on input line 456.
)
LaTeX Info: Redefining \microtypecontext on input line 69.
Package microtype Info: Generating PDF output.
Package microtype Info: Character protrusion enabled (level 2).
Package microtype Info: Using default protrusion set `alltext'.
Package microtype Info: Automatic font expansion enabled (level 2),
(microtype)             stretch: 20, shrink: 20, step: 1, non-selected.
Package microtype Info: Using default expansion set `basictext'.
Package microtype Info: No adjustment of tracking.
Package microtype Info: No adjustment of interword spacing.
Package microtype Info: No adjustment of character kerning.

(F:\prog\lat\full\tex\latex\microtype\mt-cmr.cfg
File: mt-cmr.cfg 2013/05/19 v2.2 microtype config. file: Computer Modern Roman 
(RS)
)
ABD: EveryShipout initializing macros
\AtBeginShipoutBox=\box78
Package hyperref Info: Link coloring OFF on input line 69.

(F:\prog\lat\full\tex\latex\hyperref\nameref.sty
Package: nameref 2016/05/21 v2.44 Cross-referencing by name of section

(F:\prog\lat\full\tex\generic\oberdiek\gettitlestring.sty
Package: gettitlestring 2016/05/16 v1.5 Cleanup title references (HO)
)
\c@section@level=\count272
)
LaTeX Info: Redefining \ref on input line 69.
LaTeX Info: Redefining \pageref on input line 69.
LaTeX Info: Redefining \nameref on input line 69.
 (Scenarios.out)
(Scenarios.out)
\@outlinefile=\write9
\openout9 = `Scenarios.out'.

 (authors.tex) (institutions.tex) (abstract.tex
LaTeX Font Info:    Try loading font information for U+rsfs on input line 2.

(F:\prog\lat\full\tex\latex\jknappen\ursfs.fd
File: ursfs.fd 1998/03/24 rsfs font definition file (jk)
)
LaTeX Font Info:    Try loading font information for U+msa on input line 2.

(F:\prog\lat\full\tex\latex\amsfonts\umsa.fd
File: umsa.fd 2013/01/14 v3.01 AMS symbols A
)
(F:\prog\lat\full\tex\latex\microtype\mt-msa.cfg
File: mt-msa.cfg 2006/02/04 v1.1 microtype config. file: AMS symbols (a) (RS)
)
LaTeX Font Info:    Try loading font information for U+msb on input line 2.

(F:\prog\lat\full\tex\latex\amsfonts\umsb.fd
File: umsb.fd 2013/01/14 v3.01 AMS symbols B
)
(F:\prog\lat\full\tex\latex\microtype\mt-msb.cfg
File: mt-msb.cfg 2005/06/01 v1.0 microtype config. file: AMS symbols (b) (RS)
))
Package microtype Info: Loading generic protrusion settings for font family
(microtype)             `cmtt' (encoding: OT1).
(microtype)             For optimal results, create family-specific settings.
(microtype)             See the microtype manual for details.
 [1



\openout6 = `Scenarios.ist'.


{C:/ProgramData/MiKTeX/2.9/pdftex/config/pdftex.map}] (introduction.tex
Package microtype Info: Loading generic protrusion settings for font family
(microtype)             `cmss' (encoding: OT1).
(microtype)             For optimal results, create family-specific settings.
(microtype)             See the microtype manual for details.
 [2] [3]
LaTeX Font Info:    Try loading font information for OMS+cmr on input line 69.

(F:\prog\lat\full\tex\latex\base\omscmr.fd
File: omscmr.fd 2014/09/29 v2.5h Standard LaTeX font definitions
)
LaTeX Font Info:    Font shape `OMS/cmr/m/n' in size <10> not available
(Font)              Font shape `OMS/cmsy/m/n' tried instead on input line 69.
) [4] (methods.tex
<figures/ff.png, id=264, 690.32906pt x 321.45094pt>
File: figures/ff.png Graphic file (type png)
<use figures/ff.png>
Package pdftex.def Info: figures/ff.png  used on input line 29.
(pdftex.def)             Requested size: 345.0pt x 160.65149pt.

Underfull \hbox (badness 10000) in alignment at lines 59--59
[][] 
 []

[5] [6 <./figures/ff.png>]
Overfull \hbox (3.19286pt too wide) in paragraph at lines 109--109
[]|$[]$\OT1/cmr/m/n/10 (-20) Np| 
 []


Overfull \hbox (2.5123pt too wide) in paragraph at lines 109--109
[]|$[]$\OT1/cmr/m/n/10 (-20) Pu| 
 []


Overfull \hbox (2.5123pt too wide) in paragraph at lines 109--109
[]|$[]$\OT1/cmr/m/n/10 (-20) Pu| 
 []


Overfull \hbox (2.5123pt too wide) in paragraph at lines 109--109
[]|$[]$\OT1/cmr/m/n/10 (-20) Pu| 
 []


Overfull \hbox (2.5123pt too wide) in paragraph at lines 109--109
[]|$[]$\OT1/cmr/m/n/10 (-20) Pu| 
 []


Overfull \hbox (2.5123pt too wide) in paragraph at lines 109--109
[]|$[]$\OT1/cmr/m/n/10 (-20) Pu| 
 []


Overfull \hbox (5.91508pt too wide) in paragraph at lines 109--109
[]|$[]$\OT1/cmr/m/n/10 (-20) Am| 
 []


Overfull \hbox (5.91508pt too wide) in paragraph at lines 109--109
[]|$[]$\OT1/cmr/m/n/10 (-20) Am| 
 []


Overfull \hbox (5.64285pt too wide) in paragraph at lines 109--109
[]|$[]$\OT1/cmr/m/n/10 (-20) Cm| 
 []


Overfull \hbox (5.64285pt too wide) in paragraph at lines 109--109
[]|$[]$\OT1/cmr/m/n/10 (-20) Cm| 
 []


Underfull \hbox (badness 7415) in paragraph at lines 142--142
[]|\OT1/cmr/m/n/10 (+20) Fuel salt
 []


Underfull \hbox (badness 10000) in paragraph at lines 142--142
\OT1/cmr/m/n/10 (+20) com-po-
 []


Underfull \hbox (badness 10000) in paragraph at lines 142--142
[]|[][]\OT1/cmr/m/n/10 (+20) HALEU[]
 []


Underfull \hbox (badness 10000) in paragraph at lines 142--142
\OT1/cmr/m/n/10 (+20) (19.79
 []


Underfull \hbox (badness 10000) in paragraph at lines 142--142
[]|\OT1/cmr/m/n/10 (+20) Pu+[][]HALEU[]
 []


Underfull \hbox (badness 10000) in paragraph at lines 142--142
[]|\OT1/cmr/m/n/10 (+20) reactor-
 []


Underfull \hbox (badness 10000) in paragraph at lines 142--142
\OT1/cmr/m/n/10 (+20) grade
 []

[7]
Underfull \hbox (badness 10000) in paragraph at lines 171--171
[]|[][]\OT1/cmr/m/n/10 (+20) HALEU[]
 []


Underfull \hbox (badness 10000) in paragraph at lines 171--171
\OT1/cmr/m/n/10 (+20) (19.79
 []


Underfull \hbox (badness 10000) in paragraph at lines 171--171
[]|\OT1/cmr/m/n/10 (+20) Pu+[][]HALEU[]
 []


Underfull \hbox (badness 10000) in paragraph at lines 171--171
[]|\OT1/cmr/m/n/10 (+20) reactor-
 []


Underfull \hbox (badness 10000) in paragraph at lines 171--171
\OT1/cmr/m/n/10 (+20) grade
 []


Overfull \hbox (0.86328pt too wide) in paragraph at lines 171--171
[]|\OT1/cmr/m/n/10 (-20) 6.24E+04| 
 []


Overfull \hbox (0.86328pt too wide) in paragraph at lines 171--171
[]|\OT1/cmr/m/n/10 (-20) 5.44E+04| 
 []


Overfull \hbox (0.86328pt too wide) in paragraph at lines 171--171
[]|\OT1/cmr/m/n/10 (-20) 7.69E+04| 
 []


Overfull \hbox (0.86328pt too wide) in paragraph at lines 171--171
[]|\OT1/cmr/m/n/10 (-20) 1.30E+03| 
 []


Overfull \hbox (0.86328pt too wide) in paragraph at lines 171--171
[]|\OT1/cmr/m/n/10 (-20) 3.17E+03| 
 []


Overfull \hbox (0.86328pt too wide) in paragraph at lines 171--171
[]|\OT1/cmr/m/n/10 (-20) 1.28E+04| 
 []


Overfull \hbox (0.86328pt too wide) in paragraph at lines 171--171
[]|\OT1/cmr/m/n/10 (-20) 1.58E+03| 
 []


Overfull \hbox (0.86328pt too wide) in paragraph at lines 171--171
[]|\OT1/cmr/m/n/10 (-20) 6.78E+02| 
 []


Overfull \hbox (0.86328pt too wide) in paragraph at lines 171--171
[]|\OT1/cmr/m/n/10 (-20) 1.15E+04| 
 []


Overfull \hbox (0.86328pt too wide) in paragraph at lines 171--171
[]|\OT1/cmr/m/n/10 (-20) 5.40E+03| 
 []


Overfull \hbox (0.86328pt too wide) in paragraph at lines 171--171
[]|\OT1/cmr/m/n/10 (-20) 2.69E+03| 
 []


Overfull \hbox (0.86328pt too wide) in paragraph at lines 171--171
[]|\OT1/cmr/m/n/10 (-20) 1.68E+03| 
 []


Overfull \hbox (0.86328pt too wide) in paragraph at lines 171--171
[]|\OT1/cmr/m/n/10 (-20) 8.53E+02| 
 []


Overfull \hbox (0.86328pt too wide) in paragraph at lines 171--171
[]|\OT1/cmr/m/n/10 (-20) 4.77E+02| 
 []


Overfull \hbox (0.86328pt too wide) in paragraph at lines 171--171
[]|\OT1/cmr/m/n/10 (-20) 2.01E+02| 
 []


Overfull \hbox (0.86328pt too wide) in paragraph at lines 171--171
[]|\OT1/cmr/m/n/10 (-20) 2.51E+01| 
 []

[8] [9]
<figures/flowch1.png, id=361, 502.12593pt x 375.65344pt>
File: figures/flowch1.png Graphic file (type png)
<use figures/flowch1.png>
Package pdftex.def Info: figures/flowch1.png  used on input line 194.
(pdftex.def)             Requested size: 345.0pt x 258.1178pt.
 [10 <./figures/flowch1.png>] [11] [12]
Overfull \hbox (3.28146pt too wide) in paragraph at lines 284--284
[]|\OT1/cmr/bx/n/10 Reprocessing
 []


Underfull \hbox (badness 10000) in paragraph at lines 284--284
[]|\OT1/cmr/bx/n/10 Removal
 []


Underfull \hbox (badness 10000) in paragraph at lines 284--284
\OT1/cmr/bx/n/10 con-stant
 []


Overfull \hbox (0.90843pt too wide) in alignment at lines 284--284
[][][][] 
 []

) (results.tex [13]
<figures/keff1.png, id=435, 455.301pt x 339.669pt>
File: figures/keff1.png Graphic file (type png)
<use figures/keff1.png>
Package pdftex.def Info: figures/keff1.png  used on input line 31.
(pdftex.def)             Requested size: 345.0pt x 257.38922pt.
<figures/keff2.png, id=447, 455.301pt x 339.669pt>
File: figures/keff2.png Graphic file (type png)
<use figures/keff2.png>
Package pdftex.def Info: figures/keff2.png  used on input line 48.
(pdftex.def)             Requested size: 345.0pt x 257.38922pt.
 [14] [15 <./figures/keff1.png>] [16 <./figures/keff2.png>]

Package hyperref Warning: Token not allowed in a PDF string (PDFDocEncoding):
(hyperref)                removing `math shift' on input line 69.


Package hyperref Warning: Token not allowed in a PDF string (PDFDocEncoding):
(hyperref)                removing `superscript' on input line 69.


Package hyperref Warning: Token not allowed in a PDF string (PDFDocEncoding):
(hyperref)                removing `math shift' on input line 69.

<figures/refillCCC.png, id=480, 455.301pt x 339.669pt>
File: figures/refillCCC.png Graphic file (type png)
<use figures/refillCCC.png>
Package pdftex.def Info: figures/refillCCC.png  used on input line 85.
(pdftex.def)             Requested size: 345.0pt x 257.38922pt.
<figures/inventoryCCCC.png, id=492, 453.1329pt x 338.9463pt>
File: figures/inventoryCCCC.png Graphic file (type png)
<use figures/inventoryCCCC.png>
Package pdftex.def Info: figures/inventoryCCCC.png  used on input line 107.
(pdftex.def)             Requested size: 345.0pt x 258.06216pt.
<figures/inventoryPu_TRUCCC.png, id=495, 472.01344pt x 353.06906pt>
File: figures/inventoryPu_TRUCCC.png Graphic file (type png)
<use figures/inventoryPu_TRUCCC.png>
Package pdftex.def Info: figures/inventoryPu_TRUCCC.png  used on input line 115
.
(pdftex.def)             Requested size: 345.0pt x 258.0669pt.
[17] [18 <./figures/refillCCC.png>]
<figures/Th232CC.png, id=513, 455.301pt x 339.669pt>
File: figures/Th232CC.png Graphic file (type png)
<use figures/Th232CC.png>
Package pdftex.def Info: figures/Th232CC.png  used on input line 131.
(pdftex.def)             Requested size: 345.0pt x 257.38922pt.
<figures/U233CC.png, id=515, 455.301pt x 339.669pt>
File: figures/U233CC.png Graphic file (type png)
<use figures/U233CC.png>
Package pdftex.def Info: figures/U233CC.png  used on input line 143.
(pdftex.def)             Requested size: 345.0pt x 257.38922pt.
 [19 <./figures/inventoryCCCC.png>] [20 <./figures/inventoryPu_TRUCCC.png>] [21
 <./figures/Th232CC.png>]
<figures/PusolubilityCC.png, id=538, 455.301pt x 339.669pt>
File: figures/PusolubilityCC.png Graphic file (type png)
<use figures/PusolubilityCC.png>
Package pdftex.def Info: figures/PusolubilityCC.png  used on input line 161.
(pdftex.def)             Requested size: 345.0pt x 257.38922pt.
 [22 <./figures/U233CC.png>] [23 <./figures/PusolubilityCC.png>]
<figures/NetCC.png, id=559, 455.301pt x 339.669pt>
File: figures/NetCC.png Graphic file (type png)
<use figures/NetCC.png>
Package pdftex.def Info: figures/NetCC.png  used on input line 195.
(pdftex.def)             Requested size: 345.0pt x 257.38922pt.

Overfull \hbox (5.94377pt too wide) in paragraph at lines 219--219
[]|[][]\OT1/cmr/m/n/10 (-20) HALEU[]
 []


Overfull \hbox (8.04044pt too wide) in paragraph at lines 219--219
\OT1/cmr/m/n/10 (-20) (19.79%)| 
 []


Underfull \hbox (badness 10000) in paragraph at lines 219--219
[]|\OT1/cmr/m/n/10 (+20) Pu+[][]HALEU[]
 []


Underfull \hbox (badness 10000) in paragraph at lines 219--219
[]|\OT1/cmr/m/n/10 (+20) reactor-
 []


Underfull \hbox (badness 10000) in paragraph at lines 219--219
\OT1/cmr/m/n/10 (+20) grade
 []


LaTeX Warning: `!h' float specifier changed to `!ht'.

[24] [25 <./figures/NetCC.png>]
<figures/spectrumFLUX110vC.png, id=586, 4050.13126pt x 2837.35031pt>
File: figures/spectrumFLUX110vC.png Graphic file (type png)
<use figures/spectrumFLUX110vC.png>
Package pdftex.def Info: figures/spectrumFLUX110vC.png  used on input line 243.

(pdftex.def)             Requested size: 348.4481pt x 244.09396pt.

Overfull \hbox (3.4481pt too wide) in paragraph at lines 243--247
 [][] 
 []

<figures/radial_fast_flux_init_vs_eq.png, id=591, 444.4605pt x 333.9531pt>
File: figures/radial_fast_flux_init_vs_eq.png Graphic file (type png)
<use figures/radial_fast_flux_init_vs_eq.png>
Package pdftex.def Info: figures/radial_fast_flux_init_vs_eq.png  used on input
 line 265.
(pdftex.def)             Requested size: 345.0pt x 259.2339pt.
[26] [27 <./figures/spectrumFLUX110vC.png>]
<figures/radial_thermal_flux_init_vs_eq.png, id=605, 450.8334pt x 333.9531pt>
File: figures/radial_thermal_flux_init_vs_eq.png Graphic file (type png)
<use figures/radial_thermal_flux_init_vs_eq.png>
Package pdftex.def Info: figures/radial_thermal_flux_init_vs_eq.png  used on in
put line 280.
(pdftex.def)             Requested size: 345.0pt x 255.565pt.
 [28 <./figures/radial_fast_flux_init_vs_eq.png>] [29 <./figures/radial_thermal
_flux_init_vs_eq.png>] [30]
Overfull \hbox (3.70256pt too wide) in paragraph at lines 378--378
[]|\OT1/cmr/m/n/10 (-20) Initial| 
 []


Overfull \hbox (3.29422pt too wide) in paragraph at lines 378--378
[]|\OT1/cmr/m/n/10 (-20) Equil.| 
 []


Overfull \hbox (3.70256pt too wide) in paragraph at lines 378--378
[]|\OT1/cmr/m/n/10 (-20) Initial| 
 []


Overfull \hbox (3.29422pt too wide) in paragraph at lines 378--378
[]|\OT1/cmr/m/n/10 (-20) Equil.| 
 []


Overfull \hbox (3.70256pt too wide) in paragraph at lines 378--378
[]|\OT1/cmr/m/n/10 (-20) Initial| 
 []


Overfull \hbox (3.29422pt too wide) in paragraph at lines 378--378
[]|\OT1/cmr/m/n/10 (-20) Equil.| 
 []


Overfull \hbox (3.097pt too wide) in paragraph at lines 378--378
[]|$\OMS/cmsy/m/n/10  \OT1/cmr/m/n/10 (-20) 4\OML/cmm/m/it/10 :\OT1/cmr/m/n/10 
(-20) 96$| 
 []


Overfull \hbox (3.097pt too wide) in paragraph at lines 378--378
[]|$\OMS/cmsy/m/n/10  \OT1/cmr/m/n/10 (-20) 5\OML/cmm/m/it/10 :\OT1/cmr/m/n/10 
(-20) 26$| 
 []


Overfull \hbox (3.097pt too wide) in paragraph at lines 378--378
[]|$\OMS/cmsy/m/n/10  \OT1/cmr/m/n/10 (-20) 4\OML/cmm/m/it/10 :\OT1/cmr/m/n/10 
(-20) 99$| 
 []


Overfull \hbox (3.097pt too wide) in paragraph at lines 378--378
[]|$\OMS/cmsy/m/n/10  \OT1/cmr/m/n/10 (-20) 3\OML/cmm/m/it/10 :\OT1/cmr/m/n/10 
(-20) 12$| 
 []


Overfull \hbox (3.097pt too wide) in paragraph at lines 378--378
[]|$\OMS/cmsy/m/n/10  \OT1/cmr/m/n/10 (-20) 3\OML/cmm/m/it/10 :\OT1/cmr/m/n/10 
(-20) 23$| 
 []


Overfull \hbox (3.097pt too wide) in paragraph at lines 378--378
[]|$\OMS/cmsy/m/n/10  \OT1/cmr/m/n/10 (-20) 1\OML/cmm/m/it/10 :\OT1/cmr/m/n/10 
(-20) 97$| 
 []


Overfull \hbox (2.94144pt too wide) in paragraph at lines 378--378
[]|$\OT1/cmr/m/n/10 (-20) +1\OML/cmm/m/it/10 :\OT1/cmr/m/n/10 (-20) 49$| 
 []


Overfull \hbox (2.94144pt too wide) in paragraph at lines 378--378
[]|$\OT1/cmr/m/n/10 (-20) +2\OML/cmm/m/it/10 :\OT1/cmr/m/n/10 (-20) 34$| 
 []


Overfull \hbox (2.94144pt too wide) in paragraph at lines 378--378
[]|$\OT1/cmr/m/n/10 (-20) +1\OML/cmm/m/it/10 :\OT1/cmr/m/n/10 (-20) 54$| 
 []


Overfull \hbox (3.097pt too wide) in paragraph at lines 378--378
[]|$\OMS/cmsy/m/n/10  \OT1/cmr/m/n/10 (-20) 1\OML/cmm/m/it/10 :\OT1/cmr/m/n/10 
(-20) 58$| 
 []


Overfull \hbox (3.097pt too wide) in paragraph at lines 378--378
[]|$\OMS/cmsy/m/n/10  \OT1/cmr/m/n/10 (-20) 0\OML/cmm/m/it/10 :\OT1/cmr/m/n/10 
(-20) 37$| 
 []


Overfull \hbox (3.097pt too wide) in paragraph at lines 378--378
[]|$\OMS/cmsy/m/n/10  \OT1/cmr/m/n/10 (-20) 1\OML/cmm/m/it/10 :\OT1/cmr/m/n/10 
(-20) 62$| 
 []


Overfull \hbox (3.097pt too wide) in paragraph at lines 378--378
[]|$\OMS/cmsy/m/n/10  \OT1/cmr/m/n/10 (-20) 3\OML/cmm/m/it/10 :\OT1/cmr/m/n/10 
(-20) 77$| 
 []


Overfull \hbox (3.097pt too wide) in paragraph at lines 378--378
[]|$\OMS/cmsy/m/n/10  \OT1/cmr/m/n/10 (-20) 2\OML/cmm/m/it/10 :\OT1/cmr/m/n/10 
(-20) 83$| 
 []


Overfull \hbox (3.097pt too wide) in paragraph at lines 378--378
[]|$\OMS/cmsy/m/n/10  \OT1/cmr/m/n/10 (-20) 3\OML/cmm/m/it/10 :\OT1/cmr/m/n/10 
(-20) 22$| 
 []


Overfull \hbox (3.097pt too wide) in paragraph at lines 378--378
[]|$\OMS/cmsy/m/n/10  \OT1/cmr/m/n/10 (-20) 4\OML/cmm/m/it/10 :\OT1/cmr/m/n/10 
(-20) 23$| 
 []


Overfull \hbox (3.097pt too wide) in paragraph at lines 378--378
[]|$\OMS/cmsy/m/n/10  \OT1/cmr/m/n/10 (-20) 3\OML/cmm/m/it/10 :\OT1/cmr/m/n/10 
(-20) 25$| 
 []


Overfull \hbox (3.097pt too wide) in paragraph at lines 378--378
[]|$\OMS/cmsy/m/n/10  \OT1/cmr/m/n/10 (-20) 3\OML/cmm/m/it/10 :\OT1/cmr/m/n/10 
(-20) 69$| 
 []


Overfull \hbox (2.94144pt too wide) in paragraph at lines 378--378
[]|$\OT1/cmr/m/n/10 (-20) +1\OML/cmm/m/it/10 :\OT1/cmr/m/n/10 (-20) 45$| 
 []


Overfull \hbox (2.94144pt too wide) in paragraph at lines 378--378
[]|$\OT1/cmr/m/n/10 (-20) +0\OML/cmm/m/it/10 :\OT1/cmr/m/n/10 (-20) 45$| 
 []


Overfull \hbox (3.097pt too wide) in paragraph at lines 378--378
[]|$\OMS/cmsy/m/n/10  \OT1/cmr/m/n/10 (-20) 2\OML/cmm/m/it/10 :\OT1/cmr/m/n/10 
(-20) 68$| 
 []


Overfull \hbox (3.097pt too wide) in paragraph at lines 378--378
[]|$\OMS/cmsy/m/n/10  \OT1/cmr/m/n/10 (-20) 1\OML/cmm/m/it/10 :\OT1/cmr/m/n/10 
(-20) 37$| 
 []


Overfull \hbox (3.097pt too wide) in paragraph at lines 378--378
[]|$\OMS/cmsy/m/n/10  \OT1/cmr/m/n/10 (-20) 1\OML/cmm/m/it/10 :\OT1/cmr/m/n/10 
(-20) 44$| 
 []


Overfull \hbox (3.097pt too wide) in paragraph at lines 378--378
[]|$\OMS/cmsy/m/n/10  \OT1/cmr/m/n/10 (-20) 1\OML/cmm/m/it/10 :\OT1/cmr/m/n/10 
(-20) 14$| 
 []


Overfull \hbox (3.097pt too wide) in paragraph at lines 378--378
[]|$\OMS/cmsy/m/n/10  \OT1/cmr/m/n/10 (-20) 1\OML/cmm/m/it/10 :\OT1/cmr/m/n/10 
(-20) 77$| 
 []


Overfull \hbox (3.097pt too wide) in paragraph at lines 378--378
[]|$\OMS/cmsy/m/n/10  \OT1/cmr/m/n/10 (-20) 2\OML/cmm/m/it/10 :\OT1/cmr/m/n/10 
(-20) 59$| 
 []


Overfull \hbox (3.097pt too wide) in paragraph at lines 378--378
[]|$\OMS/cmsy/m/n/10  \OT1/cmr/m/n/10 (-20) 6\OML/cmm/m/it/10 :\OT1/cmr/m/n/10 
(-20) 54$| 
 []


Overfull \hbox (3.097pt too wide) in paragraph at lines 378--378
[]|$\OMS/cmsy/m/n/10  \OT1/cmr/m/n/10 (-20) 5\OML/cmm/m/it/10 :\OT1/cmr/m/n/10 
(-20) 06$| 
 []


Overfull \hbox (3.097pt too wide) in paragraph at lines 378--378
[]|$\OMS/cmsy/m/n/10  \OT1/cmr/m/n/10 (-20) 4\OML/cmm/m/it/10 :\OT1/cmr/m/n/10 
(-20) 79$| 
 []


Overfull \hbox (3.097pt too wide) in paragraph at lines 378--378
[]|$\OMS/cmsy/m/n/10  \OT1/cmr/m/n/10 (-20) 4\OML/cmm/m/it/10 :\OT1/cmr/m/n/10 
(-20) 76$| 
 []

[31] [32]) [33] (conclusion.tex [34]) [35] (acks.tex) [36] (Scenarios.bbl
Missing character: There is no  in font cmr10!
Missing character: There is no  in font cmr10!
Missing character: There is no  in font cmr10!
Missing character: There is no  in font cmr10!
Missing character: There is no  in font cmr10!
Missing character: There is no  in font cmr10!
Missing character: There is no  in font cmr10!
Missing character: There is no  in font cmr10!
Missing character: There is no  in font cmr10!

Underfull \hbox (badness 10000) in paragraph at lines 31--38
\OT1/cmr/m/n/10 (+20) URL []$\OT1/cmtt/m/n/10 http : / / www . sciencedirect . 
com / science / article / pii /
 []

[37] [38] [39] [40]) [41] (Appendix.texpdfTeX warning (ext4): destination with 
the same identifier (name{table.1}) has been already used, duplicate ignored
<to be read again> 
                   \relax 
l.5 ...The refueling table for Th/$^{233}$U case.}
                                                  
Underfull \hbox (badness 10000) in paragraph at lines 31--31
[]|\OT1/cmr/bx/n/10 Feed constant$[]$
 []

[42]
Overfull \hbox (1.56671pt too wide) in paragraph at lines 47--47
[]|\OT1/cmr/bx/n/10 Material| 
 []


Underfull \vbox (badness 10000) detected at line 69
 []

pdfTeX warning (ext4): destination with the same identifier (name{table.2}) has
 been already used, duplicate ignored
<to be read again> 
                   \relax 
l.69 	&
         2.355   [kg/day], from 8760 to 9490 [d]&		1.33E-08	 \\ [43] [44]
Overfull \hbox (1.56671pt too wide) in paragraph at lines 116--116
[]|\OT1/cmr/bx/n/10 Material| 
 []


Underfull \vbox (badness 10000) detected at line 138
 []

pdfTeX warning (ext4): destination with the same identifier (name{table.3}) has
 been already used, duplicate ignored
<to be read again> 
                   \relax 
l.138 	&
          1.859   [kg/day], from 11680 to 12045 [d]&		1.05E-08	 \\ [45]
[46])

Package glossaries Warning: No \printglossary or \printglossaries found. 
(Remove \makeglossaries if you don't want any glossaries.) 
This document will not have a glossary.

[47]
Package atveryend Info: Empty hook `BeforeClearDocument' on input line 121.
Package atveryend Info: Empty hook `AfterLastShipout' on input line 121.
 (Scenarios.aux)
Package atveryend Info: Executing hook `AtVeryEndDocument' on input line 121.
Package atveryend Info: Executing hook `AtEndAfterFileList' on input line 121.
Package rerunfilecheck Info: File `Scenarios.out' has not changed.
(rerunfilecheck)             Checksum: BDA7B2CFDB8D3D87F80D92ACDC3EF6D2;1211.
 ) 
Here is how much of TeX's memory you used:
 34268 strings out of 493308
 625850 string characters out of 3143570
 833148 words of memory out of 3000000
 36911 multiletter control sequences out of 15000+200000
 17146 words of font info for 113 fonts, out of 3000000 for 9000
 1141 hyphenation exceptions out of 8191
 55i,17n,71p,1992b,584s stack positions out of 5000i,500n,10000p,200000b,50000s
pdfTeX warning (dest): name{glo:MTC} has been referenced but does not exist, 
replaced by a fixed one

pdfTeX warning (dest): name{glo:FTC} has been referenced but does not exist, re
placed by a fixed one

pdfTeX warning (dest): name{glo:MA} has been referenced but does not exist, rep
laced by a fixed one

pdfTeX warning (dest): name{glo:EFPY} has been referenced but does not exist, r
eplaced by a fixed one

pdfTeX warning (dest): name{glo:FPs} has been referenced but does not exist, re
placed by a fixed one

pdfTeX warning (dest): name{glo:HM} has been referenced but does not exist, rep
laced by a fixed one

pdfTeX warning (dest): name{glo:MSFR} has been referenced but does not exist, r
eplaced by a fixed one

pdfTeX warning (dest): name{glo:TMSR} has been referenced but does not exist, r
eplaced by a fixed one

pdfTeX warning (dest): name{glo:LEU} has been referenced but does not exist, re
placed by a fixed one

pdfTeX warning (dest): name{glo:MSBR} has been referenced but does not exist, r
eplaced by a fixed one

pdfTeX warning (dest): name{glo:GIF} has been referenced but does not exist, re
placed by a fixed one

pdfTeX warning (dest): name{glo:LWR} has been referenced but does not exist, re
placed by a fixed one

pdfTeX warning (dest): name{glo:TRU} has been referenced but does not exist, re
placed by a fixed one

pdfTeX warning (dest): name{glo:SNF} has been referenced but does not exist, re
placed by a fixed one

pdfTeX warning (dest): name{glo:PWR} has been referenced but does not exist, re
placed by a fixed one

pdfTeX warning (dest): name{glo:HALEU} has been referenced but does not exist, 
replaced by a fixed one

pdfTeX warning (dest): name{glo:SD-TMSR} has been referenced but does not exist
, replaced by a fixed one

pdfTeX warning (dest): name{glo:MSR} has been referenced but does not exist, re
placed by a fixed one

<F:/prog/lat/full/fonts/type1/public/amsfonts/cm/cmbx10.pfb><F:/prog/lat/full/f
onts/type1/public/amsfonts/cm/cmex10.pfb><F:/prog/lat/full/fonts/type1/public/a
msfonts/cm/cmmi10.pfb><F:/prog/lat/full/fonts/type1/public/amsfonts/cm/cmmi6.pf
b><F:/prog/lat/full/fonts/type1/public/amsfonts/cm/cmmi7.pfb><F:/prog/lat/full/
fonts/type1/public/amsfonts/cm/cmmi8.pfb><F:/prog/lat/full/fonts/type1/public/a
msfonts/cm/cmr10.pfb><F:/prog/lat/full/fonts/type1/public/amsfonts/cm/cmr12.pfb
><F:/prog/lat/full/fonts/type1/public/amsfonts/cm/cmr6.pfb><F:/prog/lat/full/fo
nts/type1/public/amsfonts/cm/cmr7.pfb><F:/prog/lat/full/fonts/type1/public/amsf
onts/cm/cmr8.pfb><F:/prog/lat/full/fonts/type1/public/amsfonts/cm/cmr9.pfb><F:/
prog/lat/full/fonts/type1/public/amsfonts/cm/cmss8.pfb><F:/prog/lat/full/fonts/
type1/public/amsfonts/cm/cmsy10.pfb><F:/prog/lat/full/fonts/type1/public/amsfon
ts/cm/cmsy6.pfb><F:/prog/lat/full/fonts/type1/public/amsfonts/cm/cmsy7.pfb><F:/
prog/lat/full/fonts/type1/public/amsfonts/cm/cmsy8.pfb><F:/prog/lat/full/fonts/
type1/public/amsfonts/cm/cmti10.pfb><F:/prog/lat/full/fonts/type1/public/amsfon
ts/cm/cmti7.pfb><F:/prog/lat/full/fonts/type1/public/amsfonts/cm/cmti8.pfb><F:/
prog/lat/full/fonts/type1/public/amsfonts/cm/cmtt10.pfb><F:/prog/lat/full/fonts
/type1/public/amsfonts/cm/cmtt8.pfb><F:/prog/lat/full/fonts/type1/public/amsfon
ts/symbols/msam10.pfb><F:/prog/lat/full/fonts/type1/urw/zapfding/uzdr.pfb>
Output written on Scenarios.pdf (47 pages, 3482768 bytes).
PDF statistics:
 902 PDF objects out of 1000 (max. 8388607)
 178 named destinations out of 1000 (max. 500000)
 15083 words of extra memory for PDF output out of 17280 (max. 10000000)

